-------------------------------------------------------------------------------
Test set: com.shosha.springboot.demo.calculatortest.CalculatorTest
-------------------------------------------------------------------------------
Tests run: 4, Failures: 1, Errors: 0, Skipped: 0, Time elapsed: 0.153 s <<< FAILURE! - in com.shosha.springboot.demo.calculatortest.CalculatorTest
com.shosha.springboot.demo.calculatortest.CalculatorTest.testDivision  Time elapsed: 0.006 s  <<< FAILURE!
org.opentest4j.AssertionFailedError: result must be 20 ==> expected: <4.0> but was: <5.0>
	at com.shosha.springboot.demo.calculatortest.CalculatorTest.testDivision(CalculatorTest.java:68)

