<?xml version="1.0" encoding="UTF-8"?>
<testsuite xmlns:xsi="http://www.w3.org/2001/XMLSchema-instance" xsi:noNamespaceSchemaLocation="https://maven.apache.org/surefire/maven-surefire-plugin/xsd/surefire-test-report-3.0.xsd" version="3.0" name="com.shosha.springboot.demo.calculatortest.CalculatorTest" time="0.229" tests="4" errors="0" skipped="0" failures="1">
  <properties>
[...]
</properties>
  <testcase name="Test Addition" classname="com.shosha.springboot.demo.calculatortest.CalculatorTest" time="0.114">
    <system-out><![CDATA[@BeforeAll executes only once before all test methods execution in the class

Before each test, create instance of Calculator
Running equals and not equals method
Test is done successfully

]]></system-out>
  </testcase>
  <testcase name="Test Division" classname="com.shosha.springboot.demo.calculatortest.CalculatorTest" time="0.011">
    <failure type="org.opentest4j.AssertionFailedError"><![CDATA[org.opentest4j.AssertionFailedError: result must be 20 ==> expected: <4.0> but was: <5.0>
	at com.shosha.springboot.demo.calculatortest.CalculatorTest.testDivision(CalculatorTest.java:68)
]]></failure>
    <system-out><![CDATA[Before each test, create instance of Calculator
Running equals and not equals method
Test is done successfully

]]></system-out>
  </testcase>
  <testcase name="Test Subtraction" classname="com.shosha.springboot.demo.calculatortest.CalculatorTest" time="0.003">
    <system-out><![CDATA[Before each test, create instance of Calculator
Running equals and not equals method
Test is done successfully

]]></system-out>
  </testcase>
  <testcase name="Test Multiplication" classname="com.shosha.springboot.demo.calculatortest.CalculatorTest" time="0.003">
    <system-out><![CDATA[Before each test, create instance of Calculator
Running equals and not equals method
Test is done successfully

]]></system-out>
  </testcase>
</testsuite>