<?xml version="1.0" encoding="UTF-8"?>
<testsuite xmlns:xsi="http://www.w3.org/2001/XMLSchema-instance" xsi:noNamespaceSchemaLocation="https://maven.apache.org/surefire/maven-surefire-plugin/xsd/surefire-test-report-3.0.xsd" version="3.0" name="com.shosha.springboot.demo.unitfunctions.UnitFunctionsTest" time="2.019" tests="2" errors="0" skipped="0" failures="0">
  <properties>
[...]
</properties>
  <testcase name="Check Time Test" classname="com.shosha.springboot.demo.unitfunctions.UnitFunctionsTest" time="2.013">
    <system-out><![CDATA[@BeforeAll executes only once before all test methods execution in the class

@AfterEach executes only once after all test methods execution
]]></system-out>
  </testcase>
  <testcase name="Value Check Test" classname="com.shosha.springboot.demo.unitfunctions.UnitFunctionsTest" time="0.002">
    <system-out><![CDATA[@AfterEach executes only once after all test methods execution
]]></system-out>
  </testcase>
</testsuite>